<?xml version="1.0" encoding="UTF-8"?>
<testsuite xmlns:xsi="http://www.w3.org/2001/XMLSchema-instance" xsi:noNamespaceSchemaLocation="https://maven.apache.org/surefire/maven-surefire-plugin/xsd/surefire-test-report-3.0.xsd" version="3.0" name="bohdan.markatov.org.TaskManagementApplicationTests" time="8.521" tests="1" errors="0" skipped="0" failures="0">
  <properties>
[...]
</properties>
  <testcase name="contextLoads" classname="bohdan.markatov.org.TaskManagementApplicationTests" time="0.363">
    <system-out><![CDATA[22:07:55.908 [main] INFO org.springframework.test.context.support.AnnotationConfigContextLoaderUtils -- Could not detect default configuration classes for test class [bohdan.markatov.org.TaskManagementApplicationTests]: TaskManagementApplicationTests does not declare any static, non-private, non-final, nested classes annotated with @Configuration.
22:07:56.064 [main] INFO org.springframework.boot.test.context.SpringBootTestContextBootstrapper -- Found @SpringBootConfiguration bohdan.markatov.org.TaskManagementApplication for test class bohdan.markatov.org.TaskManagementApplicationTests
  .   ____          _            __ _ _
 /\\ / ___'_ __ _ _(_)_ __  __ _ \ \ \ \
( ( )\___ | '_ | '_| | '_ \/ _` | \ \ \ \
 \\/  ___)| |_)| | | | | || (_| |  ) ) ) )
  '  |____| .__|_| |_|_| |_\__, | / / / /
 =========|_|==============|___/=/_/_/_/

 :: Spring Boot ::                (v3.3.0)

2025-03-11T22:07:56.546+02:00  INFO 21000 --- [           main] b.m.org.TaskManagementApplicationTests   : Starting TaskManagementApplicationTests using Java 21 with PID 21000 (started by javat in C:\Users\javat\IdeaProjects\task-management-system)
2025-03-11T22:07:56.549+02:00  INFO 21000 --- [           main] b.m.org.TaskManagementApplicationTests   : No active profile set, falling back to 1 default profile: "default"
2025-03-11T22:07:57.621+02:00  INFO 21000 --- [           main] .s.d.r.c.RepositoryConfigurationDelegate : Bootstrapping Spring Data JPA repositories in DEFAULT mode.
2025-03-11T22:07:57.707+02:00  INFO 21000 --- [           main] .s.d.r.c.RepositoryConfigurationDelegate : Finished Spring Data repository scanning in 79 ms. Found 7 JPA repository interfaces.
2025-03-11T22:07:58.297+02:00  INFO 21000 --- [           main] com.zaxxer.hikari.HikariDataSource       : HikariPool-1 - Starting...
2025-03-11T22:07:58.537+02:00  INFO 21000 --- [           main] com.zaxxer.hikari.pool.HikariPool        : HikariPool-1 - Added connection conn0: url=jdbc:h2:mem:testdb user=SA
2025-03-11T22:07:58.538+02:00  INFO 21000 --- [           main] com.zaxxer.hikari.HikariDataSource       : HikariPool-1 - Start completed.
2025-03-11T22:07:58.603+02:00  INFO 21000 --- [           main] liquibase.database                       : Set default schema name to PUBLIC
2025-03-11T22:07:59.000+02:00  INFO 21000 --- [           main] liquibase.changelog                      : Creating database history table with name: PUBLIC.DATABASECHANGELOG
2025-03-11T22:07:59.100+02:00  INFO 21000 --- [           main] liquibase.changelog                      : Reading from PUBLIC.DATABASECHANGELOG
2025-03-11T22:07:59.180+02:00  INFO 21000 --- [           main] liquibase.lockservice                    : Successfully acquired change log lock
2025-03-11T22:07:59.180+02:00  INFO 21000 --- [           main] liquibase.command                        : Using deploymentId: 1723679180
2025-03-11T22:07:59.182+02:00  INFO 21000 --- [           main] liquibase.changelog                      : Reading from PUBLIC.DATABASECHANGELOG
2025-03-11T22:07:59.221+02:00  INFO 21000 --- [           main] liquibase.ui                             : Running Changeset: db/changelog/changes/01-create-user-table.yaml::create-user-table::Bohdan
2025-03-11T22:07:59.235+02:00  INFO 21000 --- [           main] liquibase.changelog                      : Table users created
2025-03-11T22:07:59.235+02:00  INFO 21000 --- [           main] liquibase.changelog                      : ChangeSet db/changelog/changes/01-create-user-table.yaml::create-user-table::Bohdan ran successfully in 13ms
2025-03-11T22:07:59.243+02:00  INFO 21000 --- [           main] liquibase.ui                             : Running Changeset: db/changelog/changes/02-create-role-table.yaml::create-role-table::Bohdan
2025-03-11T22:07:59.245+02:00  INFO 21000 --- [           main] liquibase.changelog                      : Table roles created
2025-03-11T22:07:59.245+02:00  INFO 21000 --- [           main] liquibase.changelog                      : ChangeSet db/changelog/changes/02-create-role-table.yaml::create-role-table::Bohdan ran successfully in 2ms
2025-03-11T22:07:59.247+02:00  INFO 21000 --- [           main] liquibase.ui                             : Running Changeset: db/changelog/changes/03-create-users-roles-table.yaml::create-users-roles::Bohdan
2025-03-11T22:07:59.247+02:00  INFO 21000 --- [           main] liquibase.changelog                      : Table users_roles created
2025-03-11T22:07:59.254+02:00  INFO 21000 --- [           main] liquibase.changelog                      : Foreign key constraint added to users_roles (user_id)
2025-03-11T22:07:59.256+02:00  INFO 21000 --- [           main] liquibase.changelog                      : Foreign key constraint added to users_roles (roles_id)
2025-03-11T22:07:59.256+02:00  INFO 21000 --- [           main] liquibase.changelog                      : ChangeSet db/changelog/changes/03-create-users-roles-table.yaml::create-users-roles::Bohdan ran successfully in 9ms
2025-03-11T22:07:59.259+02:00  INFO 21000 --- [           main] liquibase.ui                             : Running Changeset: db/changelog/changes/04-create-project-table.yaml::create-project-table::Bohdan
2025-03-11T22:07:59.261+02:00  INFO 21000 --- [           main] liquibase.changelog                      : Table projects created
2025-03-11T22:07:59.263+02:00  INFO 21000 --- [           main] liquibase.changelog                      : Foreign key constraint added to projects (manager_id)
2025-03-11T22:07:59.263+02:00  INFO 21000 --- [           main] liquibase.changelog                      : ChangeSet db/changelog/changes/04-create-project-table.yaml::create-project-table::Bohdan ran successfully in 4ms
2025-03-11T22:07:59.265+02:00  INFO 21000 --- [           main] liquibase.ui                             : Running Changeset: db/changelog/changes/05-create-projects-users-table.yaml::create-project-table::Bohdan
2025-03-11T22:07:59.266+02:00  INFO 21000 --- [           main] liquibase.changelog                      : Table projects_users created
2025-03-11T22:07:59.268+02:00  INFO 21000 --- [           main] liquibase.changelog                      : Foreign key constraint added to projects_users (project_id)
2025-03-11T22:07:59.269+02:00  INFO 21000 --- [           main] liquibase.changelog                      : Foreign key constraint added to projects_users (user_id)
2025-03-11T22:07:59.270+02:00  INFO 21000 --- [           main] liquibase.changelog                      : ChangeSet db/changelog/changes/05-create-projects-users-table.yaml::create-project-table::Bohdan ran successfully in 4ms
2025-03-11T22:07:59.272+02:00  INFO 21000 --- [           main] liquibase.ui                             : Running Changeset: db/changelog/changes/06-create-task-table.yaml::create-project-table::Bohdan
2025-03-11T22:07:59.275+02:00  INFO 21000 --- [           main] liquibase.changelog                      : Table tasks created
2025-03-11T22:07:59.278+02:00  INFO 21000 --- [           main] liquibase.changelog                      : Foreign key constraint added to tasks (project_id)
2025-03-11T22:07:59.280+02:00  INFO 21000 --- [           main] liquibase.changelog                      : Foreign key constraint added to tasks (responsible_user_id)
2025-03-11T22:07:59.280+02:00  INFO 21000 --- [           main] liquibase.changelog                      : ChangeSet db/changelog/changes/06-create-task-table.yaml::create-project-table::Bohdan ran successfully in 7ms
2025-03-11T22:07:59.282+02:00  INFO 21000 --- [           main] liquibase.ui                             : Running Changeset: db/changelog/changes/07-create-comment-table.yaml::create-project-table::Bohdan
2025-03-11T22:07:59.284+02:00  INFO 21000 --- [           main] liquibase.changelog                      : Table comments created
2025-03-11T22:07:59.285+02:00  INFO 21000 --- [           main] liquibase.changelog                      : Foreign key constraint added to comments (author_id)
2025-03-11T22:07:59.288+02:00  INFO 21000 --- [           main] liquibase.changelog                      : Foreign key constraint added to comments (task_id)
2025-03-11T22:07:59.288+02:00  INFO 21000 --- [           main] liquibase.changelog                      : ChangeSet db/changelog/changes/07-create-comment-table.yaml::create-project-table::Bohdan ran successfully in 6ms
2025-03-11T22:07:59.290+02:00  INFO 21000 --- [           main] liquibase.ui                             : Running Changeset: db/changelog/changes/08-create-attachments-table.yaml::create-project-table::Bohdan
2025-03-11T22:07:59.292+02:00  INFO 21000 --- [           main] liquibase.changelog                      : Table attachments created
2025-03-11T22:07:59.294+02:00  INFO 21000 --- [           main] liquibase.changelog                      : Foreign key constraint added to attachments (task_id)
2025-03-11T22:07:59.294+02:00  INFO 21000 --- [           main] liquibase.changelog                      : ChangeSet db/changelog/changes/08-create-attachments-table.yaml::create-project-table::Bohdan ran successfully in 4ms
2025-03-11T22:07:59.296+02:00  INFO 21000 --- [           main] liquibase.ui                             : Running Changeset: db/changelog/changes/09-create-email-verification-token-table.yaml::create-project-table::Bohdan
2025-03-11T22:07:59.299+02:00  INFO 21000 --- [           main] liquibase.changelog                      : Table email_verification_tokens created
2025-03-11T22:07:59.300+02:00  INFO 21000 --- [           main] liquibase.changelog                      : Foreign key constraint added to email_verification_tokens (user_id)
2025-03-11T22:07:59.300+02:00  INFO 21000 --- [           main] liquibase.changelog                      : ChangeSet db/changelog/changes/09-create-email-verification-token-table.yaml::create-project-table::Bohdan ran successfully in 4ms
2025-03-11T22:07:59.302+02:00  INFO 21000 --- [           main] liquibase.ui                             : Running Changeset: db/changelog/changes/10-insert-roles.yaml::insert-roles::Bohdan
2025-03-11T22:07:59.303+02:00  INFO 21000 --- [           main] liquibase.changelog                      : New row inserted into roles
2025-03-11T22:07:59.303+02:00  INFO 21000 --- [           main] liquibase.changelog                      : New row inserted into roles
2025-03-11T22:07:59.303+02:00  INFO 21000 --- [           main] liquibase.changelog                      : ChangeSet db/changelog/changes/10-insert-roles.yaml::insert-roles::Bohdan ran successfully in 1ms
2025-03-11T22:07:59.312+02:00  INFO 21000 --- [           main] liquibase.ui                             : Running Changeset: db/changelog/changes/11-insert-users.yaml::insert-users::Bohdan
2025-03-11T22:07:59.314+02:00  INFO 21000 --- [           main] liquibase.changelog                      : New row inserted into users
2025-03-11T22:07:59.315+02:00  INFO 21000 --- [           main] liquibase.changelog                      : New row inserted into users
2025-03-11T22:07:59.316+02:00  INFO 21000 --- [           main] liquibase.changelog                      : New row inserted into users
2025-03-11T22:07:59.316+02:00  INFO 21000 --- [           main] liquibase.changelog                      : New row inserted into users
2025-03-11T22:07:59.317+02:00  INFO 21000 --- [           main] liquibase.changelog                      : New row inserted into users
2025-03-11T22:07:59.317+02:00  INFO 21000 --- [           main] liquibase.changelog                      : ChangeSet db/changelog/changes/11-insert-users.yaml::insert-users::Bohdan ran successfully in 5ms
2025-03-11T22:07:59.328+02:00  INFO 21000 --- [           main] liquibase.util                           : UPDATE SUMMARY
2025-03-11T22:07:59.328+02:00  INFO 21000 --- [           main] liquibase.util                           : Run:                         11
2025-03-11T22:07:59.328+02:00  INFO 21000 --- [           main] liquibase.util                           : Previously run:               0
2025-03-11T22:07:59.328+02:00  INFO 21000 --- [           main] liquibase.util                           : Filtered out:                 0
2025-03-11T22:07:59.328+02:00  INFO 21000 --- [           main] liquibase.util                           : -------------------------------
2025-03-11T22:07:59.328+02:00  INFO 21000 --- [           main] liquibase.util                           : Total change sets:           11
2025-03-11T22:07:59.329+02:00  INFO 21000 --- [           main] liquibase.util                           : Update summary generated
2025-03-11T22:07:59.332+02:00  INFO 21000 --- [           main] liquibase.command                        : Update command completed successfully.
2025-03-11T22:07:59.332+02:00  INFO 21000 --- [           main] liquibase.ui                             : Liquibase: Update has been successful. Rows affected: 18
2025-03-11T22:07:59.334+02:00  INFO 21000 --- [           main] liquibase.lockservice                    : Successfully released change log lock
2025-03-11T22:07:59.335+02:00  INFO 21000 --- [           main] liquibase.command                        : Command execution complete
2025-03-11T22:07:59.451+02:00  INFO 21000 --- [           main] o.hibernate.jpa.internal.util.LogHelper  : HHH000204: Processing PersistenceUnitInfo [name: default]
2025-03-11T22:07:59.533+02:00  INFO 21000 --- [           main] org.hibernate.Version                    : HHH000412: Hibernate ORM core version 6.5.2.Final
2025-03-11T22:07:59.574+02:00  INFO 21000 --- [           main] o.h.c.internal.RegionFactoryInitiator    : HHH000026: Second-level cache disabled
2025-03-11T22:07:59.893+02:00  INFO 21000 --- [           main] o.s.o.j.p.SpringPersistenceUnitInfo      : No LoadTimeWeaver setup: ignoring JPA class transformer
2025-03-11T22:07:59.941+02:00  WARN 21000 --- [           main] org.hibernate.orm.deprecation            : HHH90000025: H2Dialect does not need to be specified explicitly using 'hibernate.dialect' (remove the property setting and it will be selected by default)
2025-03-11T22:08:00.929+02:00  INFO 21000 --- [           main] o.h.e.t.j.p.i.JtaPlatformInitiator       : HHH000489: No JTA platform available (set 'hibernate.transaction.jta.platform' to enable JTA platform integration)
2025-03-11T22:08:00.932+02:00  INFO 21000 --- [           main] j.LocalContainerEntityManagerFactoryBean : Initialized JPA EntityManagerFactory for persistence unit 'default'
2025-03-11T22:08:02.360+02:00  INFO 21000 --- [           main] o.s.d.j.r.query.QueryEnhancerFactory     : Hibernate is in classpath; If applicable, HQL parser will be used.
2025-03-11T22:08:02.810+02:00  INFO 21000 --- [           main] r$InitializeUserDetailsManagerConfigurer : Global AuthenticationManager configured with UserDetailsService bean with name customUserDetailsService
2025-03-11T22:08:03.053+02:00  WARN 21000 --- [           main] JpaBaseConfiguration$JpaWebConfiguration : spring.jpa.open-in-view is enabled by default. Therefore, database queries may be performed during view rendering. Explicitly configure spring.jpa.open-in-view to disable this warning
2025-03-11T22:08:03.408+02:00  INFO 21000 --- [           main] o.s.s.web.DefaultSecurityFilterChain     : Will secure any request with [org.springframework.security.web.session.DisableEncodeUrlFilter@47cd2c21, org.springframework.security.web.context.request.async.WebAsyncManagerIntegrationFilter@7030e3f3, org.springframework.security.web.context.SecurityContextHolderFilter@10031e49, org.springframework.security.web.header.HeaderWriterFilter@3484b8db, org.springframework.web.filter.CorsFilter@4d548ae7, org.springframework.security.web.authentication.logout.LogoutFilter@1d17b20f, org.springframework.security.oauth2.client.web.OAuth2AuthorizationRequestRedirectFilter@6fbe879b, org.springframework.security.oauth2.client.web.OAuth2LoginAuthenticationFilter@46d7c4d0, bohdan.markatov.org.security.JwtAuthenticationFilter@2dac4d04, org.springframework.security.web.authentication.ui.DefaultLoginPageGeneratingFilter@6d2a92c2, org.springframework.security.web.authentication.ui.DefaultLogoutPageGeneratingFilter@2624dd2c, org.springframework.security.web.authentication.www.BasicAuthenticationFilter@aa7bda6, org.springframework.security.web.savedrequest.RequestCacheAwareFilter@39d8d89, org.springframework.security.web.servletapi.SecurityContextHolderAwareRequestFilter@6caffb24, org.springframework.security.web.authentication.AnonymousAuthenticationFilter@8a641ed, org.springframework.security.web.access.ExceptionTranslationFilter@2633d812, org.springframework.security.web.access.intercept.AuthorizationFilter@47e9542a]
2025-03-11T22:08:03.788+02:00  INFO 21000 --- [           main] o.s.m.s.b.SimpleBrokerMessageHandler     : Starting...
2025-03-11T22:08:03.788+02:00  INFO 21000 --- [           main] o.s.m.s.b.SimpleBrokerMessageHandler     : BrokerAvailabilityEvent[available=true, SimpleBrokerMessageHandler [org.springframework.messaging.simp.broker.DefaultSubscriptionRegistry@3482b7e6]]
2025-03-11T22:08:03.789+02:00  INFO 21000 --- [           main] o.s.m.s.b.SimpleBrokerMessageHandler     : Started.
2025-03-11T22:08:03.796+02:00  INFO 21000 --- [           main] b.m.org.TaskManagementApplicationTests   : Started TaskManagementApplicationTests in 7.543 seconds (process running for 8.9)
]]></system-out>
    <system-err><![CDATA[WARNING: A Java agent has been loaded dynamically (C:\Users\javat\.m2\repository\net\bytebuddy\byte-buddy-agent\1.14.16\byte-buddy-agent-1.14.16.jar)
WARNING: If a serviceability tool is in use, please run with -XX:+EnableDynamicAgentLoading to hide this warning
WARNING: If a serviceability tool is not in use, please run with -Djdk.instrument.traceUsage for more information
WARNING: Dynamic loading of agents will be disallowed by default in a future release
]]></system-err>
  </testcase>
</testsuite>