<?xml version="1.0" encoding="UTF-8"?>
<testsuite xmlns:xsi="http://www.w3.org/2001/XMLSchema-instance" xsi:noNamespaceSchemaLocation="https://maven.apache.org/surefire/maven-surefire-plugin/xsd/surefire-test-report-3.0.xsd" version="3.0" name="bohdan.markatov.org.TaskManagementApplicationTests" time="7.419" tests="1" errors="0" skipped="0" failures="0">
  <properties>
[...]
</properties>
  <testcase name="contextLoads" classname="bohdan.markatov.org.TaskManagementApplicationTests" time="0.367">
    <system-out><![CDATA[12:52:59.817 [main] INFO org.springframework.test.context.support.AnnotationConfigContextLoaderUtils -- Could not detect default configuration classes for test class [bohdan.markatov.org.TaskManagementApplicationTests]: TaskManagementApplicationTests does not declare any static, non-private, non-final, nested classes annotated with @Configuration.
12:52:59.911 [main] INFO org.springframework.boot.test.context.SpringBootTestContextBootstrapper -- Found @SpringBootConfiguration bohdan.markatov.org.TaskManagementApplication for test class bohdan.markatov.org.TaskManagementApplicationTests
  .   ____          _            __ _ _
 /\\ / ___'_ __ _ _(_)_ __  __ _ \ \ \ \
( ( )\___ | '_ | '_| | '_ \/ _` | \ \ \ \
 \\/  ___)| |_)| | | | | || (_| |  ) ) ) )
  '  |____| .__|_| |_|_| |_\__, | / / / /
 =========|_|==============|___/=/_/_/_/

 :: Spring Boot ::                (v3.3.0)

2024-07-31T12:53:00.260+03:00  INFO 15276 --- [           main] b.m.org.TaskManagementApplicationTests   : Starting TaskManagementApplicationTests using Java 21 with PID 15276 (started by javat in C:\Users\javat\IdeaProjects\tm-system-spring-boot-angular)
2024-07-31T12:53:00.262+03:00  INFO 15276 --- [           main] b.m.org.TaskManagementApplicationTests   : No active profile set, falling back to 1 default profile: "default"
2024-07-31T12:53:01.057+03:00  INFO 15276 --- [           main] .s.d.r.c.RepositoryConfigurationDelegate : Bootstrapping Spring Data JPA repositories in DEFAULT mode.
2024-07-31T12:53:01.142+03:00  INFO 15276 --- [           main] .s.d.r.c.RepositoryConfigurationDelegate : Finished Spring Data repository scanning in 71 ms. Found 7 JPA repository interfaces.
2024-07-31T12:53:01.633+03:00  INFO 15276 --- [           main] com.zaxxer.hikari.HikariDataSource       : HikariPool-1 - Starting...
2024-07-31T12:53:01.825+03:00  INFO 15276 --- [           main] com.zaxxer.hikari.pool.HikariPool        : HikariPool-1 - Added connection conn0: url=jdbc:h2:mem:testdb user=SA
2024-07-31T12:53:01.826+03:00  INFO 15276 --- [           main] com.zaxxer.hikari.HikariDataSource       : HikariPool-1 - Start completed.
2024-07-31T12:53:01.883+03:00  INFO 15276 --- [           main] liquibase.database                       : Set default schema name to PUBLIC
2024-07-31T12:53:02.263+03:00  INFO 15276 --- [           main] liquibase.changelog                      : Creating database history table with name: PUBLIC.DATABASECHANGELOG
2024-07-31T12:53:02.347+03:00  INFO 15276 --- [           main] liquibase.changelog                      : Reading from PUBLIC.DATABASECHANGELOG
2024-07-31T12:53:02.435+03:00  INFO 15276 --- [           main] liquibase.lockservice                    : Successfully acquired change log lock
2024-07-31T12:53:02.435+03:00  INFO 15276 --- [           main] liquibase.command                        : Using deploymentId: 2419582435
2024-07-31T12:53:02.438+03:00  INFO 15276 --- [           main] liquibase.changelog                      : Reading from PUBLIC.DATABASECHANGELOG
2024-07-31T12:53:02.478+03:00  INFO 15276 --- [           main] liquibase.ui                             : Running Changeset: db/changelog/changes/01-create-user-table.yaml::create-user-table::Bohdan
2024-07-31T12:53:02.497+03:00  INFO 15276 --- [           main] liquibase.changelog                      : Table users created
2024-07-31T12:53:02.497+03:00  INFO 15276 --- [           main] liquibase.changelog                      : ChangeSet db/changelog/changes/01-create-user-table.yaml::create-user-table::Bohdan ran successfully in 18ms
2024-07-31T12:53:02.503+03:00  INFO 15276 --- [           main] liquibase.ui                             : Running Changeset: db/changelog/changes/02-create-role-table.yaml::create-role-table::Bohdan
2024-07-31T12:53:02.506+03:00  INFO 15276 --- [           main] liquibase.changelog                      : Table roles created
2024-07-31T12:53:02.506+03:00  INFO 15276 --- [           main] liquibase.changelog                      : ChangeSet db/changelog/changes/02-create-role-table.yaml::create-role-table::Bohdan ran successfully in 3ms
2024-07-31T12:53:02.509+03:00  INFO 15276 --- [           main] liquibase.ui                             : Running Changeset: db/changelog/changes/03-create-users-roles-table.yaml::create-users-roles::Bohdan
2024-07-31T12:53:02.510+03:00  INFO 15276 --- [           main] liquibase.changelog                      : Table users_roles created
2024-07-31T12:53:02.515+03:00  INFO 15276 --- [           main] liquibase.changelog                      : Foreign key constraint added to users_roles (user_id)
2024-07-31T12:53:02.516+03:00  INFO 15276 --- [           main] liquibase.changelog                      : Foreign key constraint added to users_roles (roles_id)
2024-07-31T12:53:02.517+03:00  INFO 15276 --- [           main] liquibase.changelog                      : ChangeSet db/changelog/changes/03-create-users-roles-table.yaml::create-users-roles::Bohdan ran successfully in 8ms
2024-07-31T12:53:02.519+03:00  INFO 15276 --- [           main] liquibase.ui                             : Running Changeset: db/changelog/changes/04-create-project-table.yaml::create-project-table::Bohdan
2024-07-31T12:53:02.521+03:00  INFO 15276 --- [           main] liquibase.changelog                      : Table projects created
2024-07-31T12:53:02.523+03:00  INFO 15276 --- [           main] liquibase.changelog                      : Foreign key constraint added to projects (manager_id)
2024-07-31T12:53:02.523+03:00  INFO 15276 --- [           main] liquibase.changelog                      : ChangeSet db/changelog/changes/04-create-project-table.yaml::create-project-table::Bohdan ran successfully in 4ms
2024-07-31T12:53:02.526+03:00  INFO 15276 --- [           main] liquibase.ui                             : Running Changeset: db/changelog/changes/05-create-projects-users-table.yaml::create-project-table::Bohdan
2024-07-31T12:53:02.527+03:00  INFO 15276 --- [           main] liquibase.changelog                      : Table projects_users created
2024-07-31T12:53:02.529+03:00  INFO 15276 --- [           main] liquibase.changelog                      : Foreign key constraint added to projects_users (project_id)
2024-07-31T12:53:02.530+03:00  INFO 15276 --- [           main] liquibase.changelog                      : Foreign key constraint added to projects_users (user_id)
2024-07-31T12:53:02.531+03:00  INFO 15276 --- [           main] liquibase.changelog                      : ChangeSet db/changelog/changes/05-create-projects-users-table.yaml::create-project-table::Bohdan ran successfully in 5ms
2024-07-31T12:53:02.533+03:00  INFO 15276 --- [           main] liquibase.ui                             : Running Changeset: db/changelog/changes/06-create-task-table.yaml::create-project-table::Bohdan
2024-07-31T12:53:02.536+03:00  INFO 15276 --- [           main] liquibase.changelog                      : Table tasks created
2024-07-31T12:53:02.539+03:00  INFO 15276 --- [           main] liquibase.changelog                      : Foreign key constraint added to tasks (project_id)
2024-07-31T12:53:02.540+03:00  INFO 15276 --- [           main] liquibase.changelog                      : Foreign key constraint added to tasks (responsible_user_id)
2024-07-31T12:53:02.541+03:00  INFO 15276 --- [           main] liquibase.changelog                      : ChangeSet db/changelog/changes/06-create-task-table.yaml::create-project-table::Bohdan ran successfully in 7ms
2024-07-31T12:53:02.543+03:00  INFO 15276 --- [           main] liquibase.ui                             : Running Changeset: db/changelog/changes/07-create-comment-table.yaml::create-project-table::Bohdan
2024-07-31T12:53:02.546+03:00  INFO 15276 --- [           main] liquibase.changelog                      : Table comments created
2024-07-31T12:53:02.547+03:00  INFO 15276 --- [           main] liquibase.changelog                      : Foreign key constraint added to comments (author_id)
2024-07-31T12:53:02.549+03:00  INFO 15276 --- [           main] liquibase.changelog                      : Foreign key constraint added to comments (task_id)
2024-07-31T12:53:02.550+03:00  INFO 15276 --- [           main] liquibase.changelog                      : ChangeSet db/changelog/changes/07-create-comment-table.yaml::create-project-table::Bohdan ran successfully in 7ms
2024-07-31T12:53:02.552+03:00  INFO 15276 --- [           main] liquibase.ui                             : Running Changeset: db/changelog/changes/08-create-attachments-table.yaml::create-project-table::Bohdan
2024-07-31T12:53:02.555+03:00  INFO 15276 --- [           main] liquibase.changelog                      : Table attachments created
2024-07-31T12:53:02.557+03:00  INFO 15276 --- [           main] liquibase.changelog                      : Foreign key constraint added to attachments (task_id)
2024-07-31T12:53:02.557+03:00  INFO 15276 --- [           main] liquibase.changelog                      : ChangeSet db/changelog/changes/08-create-attachments-table.yaml::create-project-table::Bohdan ran successfully in 5ms
2024-07-31T12:53:02.559+03:00  INFO 15276 --- [           main] liquibase.ui                             : Running Changeset: db/changelog/changes/09-create-email-verification-token-table.yaml::create-project-table::Bohdan
2024-07-31T12:53:02.561+03:00  INFO 15276 --- [           main] liquibase.changelog                      : Table email_verification_tokens created
2024-07-31T12:53:02.563+03:00  INFO 15276 --- [           main] liquibase.changelog                      : Foreign key constraint added to email_verification_tokens (user_id)
2024-07-31T12:53:02.563+03:00  INFO 15276 --- [           main] liquibase.changelog                      : ChangeSet db/changelog/changes/09-create-email-verification-token-table.yaml::create-project-table::Bohdan ran successfully in 3ms
2024-07-31T12:53:02.566+03:00  INFO 15276 --- [           main] liquibase.ui                             : Running Changeset: db/changelog/changes/10-insert-roles.yaml::insert-roles::Bohdan
2024-07-31T12:53:02.567+03:00  INFO 15276 --- [           main] liquibase.changelog                      : New row inserted into roles
2024-07-31T12:53:02.568+03:00  INFO 15276 --- [           main] liquibase.changelog                      : New row inserted into roles
2024-07-31T12:53:02.569+03:00  INFO 15276 --- [           main] liquibase.changelog                      : ChangeSet db/changelog/changes/10-insert-roles.yaml::insert-roles::Bohdan ran successfully in 2ms
2024-07-31T12:53:02.576+03:00  INFO 15276 --- [           main] liquibase.ui                             : Running Changeset: db/changelog/changes/11-insert-users.yaml::insert-users::Bohdan
2024-07-31T12:53:02.577+03:00  INFO 15276 --- [           main] liquibase.changelog                      : New row inserted into users
2024-07-31T12:53:02.578+03:00  INFO 15276 --- [           main] liquibase.changelog                      : New row inserted into users
2024-07-31T12:53:02.580+03:00  INFO 15276 --- [           main] liquibase.changelog                      : New row inserted into users
2024-07-31T12:53:02.581+03:00  INFO 15276 --- [           main] liquibase.changelog                      : New row inserted into users
2024-07-31T12:53:02.582+03:00  INFO 15276 --- [           main] liquibase.changelog                      : New row inserted into users
2024-07-31T12:53:02.582+03:00  INFO 15276 --- [           main] liquibase.changelog                      : ChangeSet db/changelog/changes/11-insert-users.yaml::insert-users::Bohdan ran successfully in 6ms
2024-07-31T12:53:02.589+03:00  INFO 15276 --- [           main] liquibase.util                           : UPDATE SUMMARY
2024-07-31T12:53:02.589+03:00  INFO 15276 --- [           main] liquibase.util                           : Run:                         11
2024-07-31T12:53:02.589+03:00  INFO 15276 --- [           main] liquibase.util                           : Previously run:               0
2024-07-31T12:53:02.589+03:00  INFO 15276 --- [           main] liquibase.util                           : Filtered out:                 0
2024-07-31T12:53:02.589+03:00  INFO 15276 --- [           main] liquibase.util                           : -------------------------------
2024-07-31T12:53:02.589+03:00  INFO 15276 --- [           main] liquibase.util                           : Total change sets:           11
2024-07-31T12:53:02.590+03:00  INFO 15276 --- [           main] liquibase.util                           : Update summary generated
2024-07-31T12:53:02.593+03:00  INFO 15276 --- [           main] liquibase.command                        : Update command completed successfully.
2024-07-31T12:53:02.593+03:00  INFO 15276 --- [           main] liquibase.ui                             : Liquibase: Update has been successful. Rows affected: 18
2024-07-31T12:53:02.595+03:00  INFO 15276 --- [           main] liquibase.lockservice                    : Successfully released change log lock
2024-07-31T12:53:02.596+03:00  INFO 15276 --- [           main] liquibase.command                        : Command execution complete
2024-07-31T12:53:02.707+03:00  INFO 15276 --- [           main] o.hibernate.jpa.internal.util.LogHelper  : HHH000204: Processing PersistenceUnitInfo [name: default]
2024-07-31T12:53:02.787+03:00  INFO 15276 --- [           main] org.hibernate.Version                    : HHH000412: Hibernate ORM core version 6.5.2.Final
2024-07-31T12:53:02.825+03:00  INFO 15276 --- [           main] o.h.c.internal.RegionFactoryInitiator    : HHH000026: Second-level cache disabled
2024-07-31T12:53:03.120+03:00  INFO 15276 --- [           main] o.s.o.j.p.SpringPersistenceUnitInfo      : No LoadTimeWeaver setup: ignoring JPA class transformer
2024-07-31T12:53:03.166+03:00  WARN 15276 --- [           main] org.hibernate.orm.deprecation            : HHH90000025: H2Dialect does not need to be specified explicitly using 'hibernate.dialect' (remove the property setting and it will be selected by default)
2024-07-31T12:53:04.081+03:00  INFO 15276 --- [           main] o.h.e.t.j.p.i.JtaPlatformInitiator       : HHH000489: No JTA platform available (set 'hibernate.transaction.jta.platform' to enable JTA platform integration)
2024-07-31T12:53:04.083+03:00  INFO 15276 --- [           main] j.LocalContainerEntityManagerFactoryBean : Initialized JPA EntityManagerFactory for persistence unit 'default'
2024-07-31T12:53:05.321+03:00  INFO 15276 --- [           main] o.s.d.j.r.query.QueryEnhancerFactory     : Hibernate is in classpath; If applicable, HQL parser will be used.
2024-07-31T12:53:05.771+03:00  INFO 15276 --- [           main] r$InitializeUserDetailsManagerConfigurer : Global AuthenticationManager configured with UserDetailsService bean with name customUserDetailsService
2024-07-31T12:53:06.022+03:00  WARN 15276 --- [           main] JpaBaseConfiguration$JpaWebConfiguration : spring.jpa.open-in-view is enabled by default. Therefore, database queries may be performed during view rendering. Explicitly configure spring.jpa.open-in-view to disable this warning
2024-07-31T12:53:06.368+03:00  INFO 15276 --- [           main] o.s.s.web.DefaultSecurityFilterChain     : Will secure any request with [org.springframework.security.web.session.DisableEncodeUrlFilter@f03dc9b, org.springframework.security.web.context.request.async.WebAsyncManagerIntegrationFilter@5c24724, org.springframework.security.web.context.SecurityContextHolderFilter@a41434b, org.springframework.security.web.header.HeaderWriterFilter@33d57d51, org.springframework.web.filter.CorsFilter@3cac962e, org.springframework.security.web.authentication.logout.LogoutFilter@28ee138c, org.springframework.security.oauth2.client.web.OAuth2AuthorizationRequestRedirectFilter@7e5383d1, org.springframework.security.oauth2.client.web.OAuth2LoginAuthenticationFilter@53bd2b00, bohdan.markatov.org.security.JwtAuthenticationFilter@494c452b, org.springframework.security.web.authentication.ui.DefaultLoginPageGeneratingFilter@6a8e4df1, org.springframework.security.web.authentication.ui.DefaultLogoutPageGeneratingFilter@4baca539, org.springframework.security.web.authentication.www.BasicAuthenticationFilter@33c7319e, org.springframework.security.web.savedrequest.RequestCacheAwareFilter@10e4bfa5, org.springframework.security.web.servletapi.SecurityContextHolderAwareRequestFilter@5bf52832, org.springframework.security.web.authentication.AnonymousAuthenticationFilter@5ada5fd3, org.springframework.security.web.access.ExceptionTranslationFilter@49f1ac93, org.springframework.security.web.access.intercept.AuthorizationFilter@155d00b5]
2024-07-31T12:53:06.708+03:00  INFO 15276 --- [           main] b.m.org.TaskManagementApplicationTests   : Started TaskManagementApplicationTests in 6.673 seconds (process running for 7.519)
]]></system-out>
    <system-err><![CDATA[WARNING: A Java agent has been loaded dynamically (C:\Users\javat\.m2\repository\net\bytebuddy\byte-buddy-agent\1.14.16\byte-buddy-agent-1.14.16.jar)
WARNING: If a serviceability tool is in use, please run with -XX:+EnableDynamicAgentLoading to hide this warning
WARNING: If a serviceability tool is not in use, please run with -Djdk.instrument.traceUsage for more information
WARNING: Dynamic loading of agents will be disallowed by default in a future release
]]></system-err>
  </testcase>
</testsuite>